2025-05-23 14:20:14,169 - INFO - Logging setup complete. Appending to product_search.log.
2025-05-23 14:20:14,169 - INFO - Script execution started at 2025-05-23 14:20:14.
2025-05-23 14:20:14,169 - INFO - Loading Book.csv...
2025-05-23 14:20:14,176 - INFO - Loaded Book.csv successfully. Found 36 rows.
2025-05-23 14:20:14,177 - INFO - Loading matched ad data...
2025-05-23 14:20:14,177 - ERROR - Script failed: [Errno 2] No such file or directory: 'c:\\D Volume\\SpacePeppers\\analysis\\ad_data_with_matched_products_20250523_125100.csv'
2025-05-23 14:20:14,178 - INFO - Script execution completed at 2025-05-23 14:20:14.
2025-05-23 14:21:28,196 - INFO - Logging setup complete. Appending to product_search.log.
2025-05-23 14:21:28,196 - INFO - Script execution started at 2025-05-23 14:21:28.
2025-05-23 14:21:28,196 - INFO - Loading Book.csv...
2025-05-23 14:21:28,200 - INFO - Loaded Book.csv successfully. Found 36 rows.
2025-05-23 14:21:28,200 - INFO - Loading matched ad data...
2025-05-23 14:21:28,200 - ERROR - Script failed: [Errno 2] No such file or directory: 'c:\\D Volume\\SpacePeppers\\analysis\\analysis/ad_data_with_matched_products_20250523_134851.csv'
2025-05-23 14:21:28,200 - INFO - Script execution completed at 2025-05-23 14:21:28.
2025-05-23 14:21:38,233 - INFO - Logging setup complete. Appending to product_search.log.
2025-05-23 14:21:38,233 - INFO - Script execution started at 2025-05-23 14:21:38.
2025-05-23 14:21:38,233 - INFO - Loading Book.csv...
2025-05-23 14:21:38,236 - INFO - Loaded Book.csv successfully. Found 36 rows.
2025-05-23 14:21:38,236 - INFO - Loading matched ad data...
2025-05-23 14:21:38,241 - INFO - Loaded matched ad data successfully. Found 720 rows.
2025-05-23 14:21:38,241 - INFO - Calculating Total Revenue, Total Ad Spent, and ROAS...
2025-05-23 14:21:38,247 - INFO - Merging with Book.csv to include Price and Margin...
2025-05-23 14:21:38,311 - INFO - Results saved to 'c:\D Volume\SpacePeppers\analysis\product_analysis_summary_20250523_142138.csv'.
2025-05-23 14:21:38,311 - INFO - Script execution completed at 2025-05-23 14:21:38.
2025-05-23 14:49:54,431 - INFO - Logging setup complete. Appending to product_search.log.
2025-05-23 14:49:54,431 - INFO - Script execution started at 2025-05-23 14:49:54.
2025-05-23 14:49:54,431 - INFO - Loading Book.csv...
2025-05-23 14:49:54,436 - INFO - Loaded Book.csv successfully. Found 36 rows.
2025-05-23 14:49:54,436 - INFO - Loading ad_data.csv...
2025-05-23 14:49:54,442 - INFO - Loaded ad_data.csv successfully. Found 741 rows.
2025-05-23 14:49:54,442 - INFO - Calculating product-wise metrics...
2025-05-23 14:49:54,444 - ERROR - Script failed: 'Product'
2025-05-23 14:49:54,444 - INFO - Script execution completed at 2025-05-23 14:49:54.
